d:\с++\homework\skillboxhomeworkcpp\homeworcmain\x64\debug\vc143.pdb
d:\с++\homework\skillboxhomeworkcpp\homeworcmain\x64\debug\vc143.idb
d:\с++\homework\skillboxhomeworkcpp\homeworcmain\x64\debug\mymetod.obj
d:\с++\homework\skillboxhomeworkcpp\homeworcmain\x64\debug\hw18_5.obj
d:\с++\homework\skillboxhomeworkcpp\homeworcmain\x64\debug\hw17_5.obj
d:\с++\homework\skillboxhomeworkcpp\homeworcmain\x64\debug\hw16_5.obj
d:\с++\homework\skillboxhomeworkcpp\homeworcmain\x64\debug\hw15_4.obj
d:\с++\homework\skillboxhomeworkcpp\homeworcmain\x64\debug\hw14_4.obj
d:\с++\homework\skillboxhomeworkcpp\homeworcmain\x64\debug\hw13_4.obj
d:\с++\homework\skillboxhomeworkcpp\homeworcmain\x64\debug\homeworcmain.obj
d:\с++\homework\skillboxhomeworkcpp\homeworcmain\x64\debug\hw19_5.obj
d:\с++\homework\skillboxhomeworkcpp\x64\debug\homeworcmain.exe
d:\с++\homework\skillboxhomeworkcpp\x64\debug\homeworcmain.pdb
d:\с++\homework\skillboxhomeworkcpp\homeworcmain\x64\debug\homeworcmain.ilk
d:\с++\homework\skillboxhomeworkcpp\homeworcmain\x64\debug\animal.obj
d:\с++\homework\skillboxhomeworkcpp\homeworcmain\x64\debug\cat.obj
d:\с++\homework\skillboxhomeworkcpp\homeworcmain\x64\debug\dog.obj
d:\с++\homework\skillboxhomeworkcpp\homeworcmain\x64\debug\player.obj
d:\с++\homework\skillboxhomeworkcpp\homeworcmain\x64\debug\hw19_5.obj.enc
d:\с++\homework\skillboxhomeworkcpp\homeworcmain\x64\debug\homeworcmain.tlog\cl.command.1.tlog
d:\с++\homework\skillboxhomeworkcpp\homeworcmain\x64\debug\homeworcmain.tlog\cl.items.tlog
d:\с++\homework\skillboxhomeworkcpp\homeworcmain\x64\debug\homeworcmain.tlog\cl.read.1.tlog
d:\с++\homework\skillboxhomeworkcpp\homeworcmain\x64\debug\homeworcmain.tlog\cl.write.1.tlog
d:\с++\homework\skillboxhomeworkcpp\homeworcmain\x64\debug\homeworcmain.tlog\link.command.1.tlog
d:\с++\homework\skillboxhomeworkcpp\homeworcmain\x64\debug\homeworcmain.tlog\link.read.1.tlog
d:\с++\homework\skillboxhomeworkcpp\homeworcmain\x64\debug\homeworcmain.tlog\link.secondary.1.tlog
d:\с++\homework\skillboxhomeworkcpp\homeworcmain\x64\debug\homeworcmain.tlog\link.write.1.tlog
